Command line:
   CLOC_isim_beh.exe
     -simmode  gui
     -simrunnum  0
     -socket  52180

Sun May 05 15:01:06 2019


 Elaboration Time: 0.0625 sec

 Current Memory Usage: 5176.16 Meg

 Total Signals          : 4
 Total Nets             : 6
 Total Signal Drivers   : 2
 Total Blocks           : 4
 Total Primitive Blocks : 4
 Total Processes        : 2
 Total Traceable Variables  : 10
 Total Scalar Nets and Variables : 384
Total Line Count : 8

 Total Simulation Time: 0.078125 sec

 Current Memory Usage: 5176.16 Meg

Sun May 05 15:01:18 2019

