Command line:
   h33_isim_beh.exe
     -simmode  gui
     -simrunnum  0
     -socket  51156

Mon May 20 23:58:32 2019


 Elaboration Time: 0.03125 sec

 Current Memory Usage: 5176.06 Meg

 Total Signals          : 9
 Total Nets             : 7
 Total Signal Drivers   : 5
 Total Blocks           : 3
 Total Primitive Blocks : 2
 Total Processes        : 3
 Total Traceable Variables  : 8
 Total Scalar Nets and Variables : 367
Total Line Count : 85

 Total Simulation Time: 0.171875 sec

 Current Memory Usage: 5176.06 Meg

Mon May 20 23:59:02 2019

