Command line:
   T1_isim_beh.exe
     -simmode  gui
     -simrunnum  0
     -socket  50225

Sun May 26 13:46:56 2019


 Elaboration Time: 0.03125 sec

 Current Memory Usage: 5176.14 Meg

 Total Signals          : 12
 Total Nets             : 14
 Total Signal Drivers   : 8
 Total Blocks           : 5
 Total Primitive Blocks : 4
 Total Processes        : 6
 Total Traceable Variables  : 10
 Total Scalar Nets and Variables : 392
Total Line Count : 28

 Total Simulation Time: 0.140625 sec

 Current Memory Usage: 5490.72 Meg

Sun May 26 13:47:28 2019

