Command line:
   h4_isim_beh.exe
     -simmode  gui
     -simrunnum  0
     -socket  51418

Tue May 21 09:55:48 2019


 Elaboration Time: 0.03125 sec

 Current Memory Usage: 5176.61 Meg

 Total Signals          : 10
 Total Nets             : 10
 Total Signal Drivers   : 6
 Total Blocks           : 3
 Total Primitive Blocks : 2
 Total Processes        : 3
 Total Traceable Variables  : 8
 Total Scalar Nets and Variables : 370
Total Line Count : 112

 Total Simulation Time: 0.140625 sec

 Current Memory Usage: 5019.32 Meg

Tue May 21 09:57:42 2019

