Running: E:\xlinnn\14.7\ISE_DS\ISE\bin\nt64\unwrapped\fuse.exe -intstyle ise -incremental -o E:/235816/Lab8/Kwarc/T1_isim_beh.exe -prj E:/235816/Lab8/Kwarc/T1_beh.prj work.T1 
ISim P.20131013 (signature 0x7708f090)
Number of CPUs detected in this system: 8
Turning on mult-threading, number of parallel sub-compilation jobs: 16 
Determining compilation order of HDL files
Parsing VHDL file "E:/235816/Lab8/Kwarc/Kwarc.vhd" into library work
Parsing VHDL file "E:/235816/Lab8/Kwarc/T1.vhd" into library work
Starting static elaboration
Completed static elaboration
Compiling package standard
Compiling package std_logic_1164
Compiling package std_logic_arith
Compiling package std_logic_unsigned
Compiling architecture behavioral of entity Kwarc [kwarc_default]
Compiling architecture behavior of entity t1
Time Resolution for simulation is 1ps.
Compiled 7 VHDL Units
Built simulation executable E:/235816/Lab8/Kwarc/T1_isim_beh.exe
Fuse Memory Usage: 34080 KB
Fuse CPU Usage: 421 ms
