Running: E:\xlinnn\14.7\ISE_DS\ISE\bin\nt64\unwrapped\fuse.exe -intstyle ise -incremental -o D:/235816/Lab8/Lab7/Test2_isim_beh.exe -prj D:/235816/Lab8/Lab7/Test2_beh.prj work.Test2 
ISim P.20131013 (signature 0x7708f090)
Number of CPUs detected in this system: 8
Turning on mult-threading, number of parallel sub-compilation jobs: 16 
Determining compilation order of HDL files
Parsing VHDL file "D:/235816/Lab8/Lab7/SUM1B.vhd" into library work
Parsing VHDL file "D:/235816/Lab8/Lab7/Lab_7.vhd" into library work
Parsing VHDL file "D:/235816/Lab8/Lab7/Test2.vhd" into library work
Starting static elaboration
Completed static elaboration
Compiling package standard
Compiling package std_logic_1164
Compiling architecture behavioral of entity SUM1B [sum1b_default]
Compiling architecture behavioral of entity Lab_7 [lab_7_default]
Compiling architecture behavior of entity test2
Time Resolution for simulation is 1ps.
Compiled 7 VHDL Units
Built simulation executable D:/235816/Lab8/Lab7/Test2_isim_beh.exe
Fuse Memory Usage: 29616 KB
Fuse CPU Usage: 515 ms
